<?xml version="1.0" encoding="UTF-8"?>
<!-- Generated by org.testng.reporters.JUnitXMLReporter -->
<testsuite hostname="Lisa" ignored="0" name="Test" tests="4" failures="0" timestamp="20 May 2020 16:51:37 GMT" time="0.076" errors="0">
  <testcase name="iosApps" time="0.013" classname="test.SeleniumTest"/>
  <testcase name="nativeApps" time="0.003" classname="test.SeleniumTest"/>
  <testcase name="deleteTwitter" time="0.002" classname="test.ApiumTest"/>
  <testcase name="postJira" time="0.004" classname="test.ApiumTest"/>
</testsuite> <!-- Test -->
